<?xml version="1.0" encoding="UTF-8"?>
<!-- Generated by org.testng.reporters.JUnitReportReporter -->
<testsuite hostname="Cartoon" failures="0" tests="1" name="com.crm.SDET25.vtiger.Testng1" time="0.015" errors="0" timestamp="2021-12-09T15:41:35 IST" skipped="0">
  <testcase classname="com.crm.SDET25.vtiger.Testng1" name="test" time="0.015"/>
  <system-out/>
</testsuite> <!-- com.crm.SDET25.vtiger.Testng1 -->
